<?xml version="1.0" encoding="UTF-8"?>
<testng-results ignored="0" total="3" passed="1" failed="2" skipped="0">
  <reporter-output>
  </reporter-output>
  <suite started-at="2022-03-01T12:40:41 COT" name="Suite" finished-at="2022-03-01T12:41:08 COT" duration-ms="26592">
    <groups>
    </groups>
    <test started-at="2022-03-01T12:40:41 COT" name="Test" finished-at="2022-03-01T12:41:08 COT" duration-ms="26592">
      <class name="com.testNG.EjemploTestNG">
        <test-method is-config="true" signature="beforeClass(java.lang.String, java.lang.String, java.lang.String, java.lang.String, java.lang.String)[pri:0, instance:com.testNG.EjemploTestNG@1ed1993a]" started-at="2022-03-01T12:40:42 COT" name="beforeClass" finished-at="2022-03-01T12:40:43 COT" duration-ms="1732" status="PASS">
          <params>
            <param index="0">
              <value>
                <![CDATA[https://demoqa.com]]>
              </value>
            </param>
            <param index="1">
              <value>
                <![CDATA[https://demo.guru99.com/selenium/newtours/index.php]]>
              </value>
            </param>
            <param index="2">
              <value>
                <![CDATA[https://www.mercadolibre.com.co]]>
              </value>
            </param>
            <param index="3">
              <value>
                <![CDATA[./imagenes/logo_periferia.png]]>
              </value>
            </param>
            <param index="4">
              <value>
                <![CDATA[./output/]]>
              </value>
            </param>
          </params>
          <reporter-output>
          </reporter-output>
        </test-method> <!-- beforeClass -->
        <test-method signature="PruebaMLibre(java.lang.String, java.lang.String, java.lang.String, java.lang.String, java.lang.String, java.lang.String)[pri:0, instance:com.testNG.EjemploTestNG@1ed1993a]" started-at="2022-03-01T12:40:44 COT" name="PruebaMLibre" data-provider="busqueda3" finished-at="2022-03-01T12:40:44 COT" duration-ms="8" status="PASS">
          <params>
            <param index="0">
              <value>
                <![CDATA[Mouse]]>
              </value>
            </param>
            <param index="1">
              <value>
                <![CDATA[orelov88@gmail.com]]>
              </value>
            </param>
            <param index="2">
              <value>
                <![CDATA[Si]]>
              </value>
            </param>
            <param index="3">
              <value>
                <![CDATA[Si]]>
              </value>
            </param>
            <param index="4">
              <value>
                <![CDATA[No]]>
              </value>
            </param>
            <param index="5">
              <value>
                <![CDATA[Si]]>
              </value>
            </param>
          </params>
          <reporter-output>
          </reporter-output>
        </test-method> <!-- PruebaMLibre -->
        <test-method signature="pruebaInicialTestNG(java.lang.String, java.lang.String, java.lang.String, java.lang.String, java.lang.String, java.lang.String, java.lang.String, java.lang.String, java.lang.String, java.lang.String, java.lang.String, java.lang.String, java.lang.String)[pri:0, instance:com.testNG.EjemploTestNG@1ed1993a]" started-at="2022-03-01T12:40:44 COT" name="pruebaInicialTestNG" data-provider="busqueda" finished-at="2022-03-01T12:40:44 COT" duration-ms="2" status="FAIL">
          <params>
            <param index="0">
              <value>
                <![CDATA[Si]]>
              </value>
            </param>
            <param index="1">
              <value>
                <![CDATA[Si]]>
              </value>
            </param>
            <param index="2">
              <value>
                <![CDATA[Diego]]>
              </value>
            </param>
            <param index="3">
              <value>
                <![CDATA[Fernando]]>
              </value>
            </param>
            <param index="4">
              <value>
                <![CDATA[Destepa@gmail.com]]>
              </value>
            </param>
            <param index="5">
              <value>
                <![CDATA[60]]>
              </value>
            </param>
            <param index="6">
              <value>
                <![CDATA[9000000]]>
              </value>
            </param>
            <param index="7">
              <value>
                <![CDATA[Contabilidad]]>
              </value>
            </param>
            <param index="8">
              <value>
                <![CDATA[09/25/2022]]>
              </value>
            </param>
            <param index="9">
              <value>
                <![CDATA[8234qwer]]>
              </value>
            </param>
            <param index="10">
              <value>
                <![CDATA[3:00pm]]>
              </value>
            </param>
            <param index="11">
              <value>
                <![CDATA[Si]]>
              </value>
            </param>
            <param index="12">
              <value>
                <![CDATA[Si]]>
              </value>
            </param>
          </params>
          <exception class="java.lang.NullPointerException">
            <message>
              <![CDATA[Cannot invoke "String.contains(java.lang.CharSequence)" because "this.valor" is null]]>
            </message>
            <full-stacktrace>
              <![CDATA[java.lang.NullPointerException: Cannot invoke "String.contains(java.lang.CharSequence)" because "this.valor" is null
at com.testNG.EjemploTestNG.pruebaInicialTestNG(EjemploTestNG.java:133)
at java.base/jdk.internal.reflect.NativeMethodAccessorImpl.invoke0(Native Method)
at java.base/jdk.internal.reflect.NativeMethodAccessorImpl.invoke(NativeMethodAccessorImpl.java:77)
at java.base/jdk.internal.reflect.DelegatingMethodAccessorImpl.invoke(DelegatingMethodAccessorImpl.java:43)
at java.base/java.lang.reflect.Method.invoke(Method.java:568)
at org.testng.internal.MethodInvocationHelper.invokeMethod(MethodInvocationHelper.java:134)
at org.testng.internal.TestInvoker.invokeMethod(TestInvoker.java:597)
at org.testng.internal.TestInvoker.invokeTestMethod(TestInvoker.java:173)
at org.testng.internal.MethodRunner.runInSequence(MethodRunner.java:46)
at org.testng.internal.TestInvoker$MethodInvocationAgent.invoke(TestInvoker.java:816)
at org.testng.internal.TestInvoker.invokeTestMethods(TestInvoker.java:146)
at org.testng.internal.TestMethodWorker.invokeTestMethods(TestMethodWorker.java:146)
at org.testng.internal.TestMethodWorker.run(TestMethodWorker.java:128)
at java.base/java.util.ArrayList.forEach(ArrayList.java:1511)
at org.testng.TestRunner.privateRun(TestRunner.java:766)
at org.testng.TestRunner.run(TestRunner.java:587)
at org.testng.SuiteRunner.runTest(SuiteRunner.java:384)
at org.testng.SuiteRunner.runSequentially(SuiteRunner.java:378)
at org.testng.SuiteRunner.privateRun(SuiteRunner.java:337)
at org.testng.SuiteRunner.run(SuiteRunner.java:286)
at org.testng.SuiteRunnerWorker.runSuite(SuiteRunnerWorker.java:53)
at org.testng.SuiteRunnerWorker.run(SuiteRunnerWorker.java:96)
at org.testng.TestNG.runSuitesSequentially(TestNG.java:1187)
at org.testng.TestNG.runSuitesLocally(TestNG.java:1109)
at org.testng.TestNG.runSuites(TestNG.java:1039)
at org.testng.TestNG.run(TestNG.java:1007)
at org.testng.remote.AbstractRemoteTestNG.run(AbstractRemoteTestNG.java:115)
at org.testng.remote.RemoteTestNG.initAndRun(RemoteTestNG.java:251)
at org.testng.remote.RemoteTestNG.main(RemoteTestNG.java:77)
]]>
            </full-stacktrace>
          </exception> <!-- java.lang.NullPointerException -->
          <reporter-output>
          </reporter-output>
        </test-method> <!-- pruebaInicialTestNG -->
        <test-method signature="pruebaInicialTestNG(java.lang.String, java.lang.String, java.lang.String, java.lang.String, java.lang.String, java.lang.String, java.lang.String, java.lang.String, java.lang.String, java.lang.String, java.lang.String, java.lang.String, java.lang.String, java.lang.String, java.lang.String, java.lang.String)[pri:0, instance:com.testNG.EjemploTestNG@1ed1993a]" started-at="2022-03-01T12:40:44 COT" name="pruebaInicialTestNG" data-provider="busqueda2" finished-at="2022-03-01T12:41:08 COT" duration-ms="23581" status="FAIL">
          <params>
            <param index="0">
              <value>
                <![CDATA[Diego]]>
              </value>
            </param>
            <param index="1">
              <value>
                <![CDATA[Estepa]]>
              </value>
            </param>
            <param index="2">
              <value>
                <![CDATA[9899323]]>
              </value>
            </param>
            <param index="3">
              <value>
                <![CDATA[DiegoF@gmail.com]]>
              </value>
            </param>
            <param index="4">
              <value>
                <![CDATA[Cr 14 -22]]>
              </value>
            </param>
            <param index="5">
              <value>
                <![CDATA[Bogota]]>
              </value>
            </param>
            <param index="6">
              <value>
                <![CDATA[Bogota]]>
              </value>
            </param>
            <param index="7">
              <value>
                <![CDATA[222555]]>
              </value>
            </param>
            <param index="8">
              <value>
                <![CDATA[COLOMBIA]]>
              </value>
            </param>
            <param index="9">
              <value>
                <![CDATA[Diego22]]>
              </value>
            </param>
            <param index="10">
              <value>
                <![CDATA[92345]]>
              </value>
            </param>
            <param index="11">
              <value>
                <![CDATA[92345]]>
              </value>
            </param>
            <param index="12">
              <value>
                <![CDATA[Si]]>
              </value>
            </param>
            <param index="13">
              <value>
                <![CDATA[Si]]>
              </value>
            </param>
            <param index="14">
              <value>
                <![CDATA[Si]]>
              </value>
            </param>
            <param index="15">
              <value>
                <![CDATA[Si]]>
              </value>
            </param>
          </params>
          <exception class="java.lang.AssertionError">
            <full-stacktrace>
              <![CDATA[java.lang.AssertionError
at com.testNG.EjemploTestNG.pruebaInicialTestNG(EjemploTestNG.java:191)
at java.base/jdk.internal.reflect.NativeMethodAccessorImpl.invoke0(Native Method)
at java.base/jdk.internal.reflect.NativeMethodAccessorImpl.invoke(NativeMethodAccessorImpl.java:77)
at java.base/jdk.internal.reflect.DelegatingMethodAccessorImpl.invoke(DelegatingMethodAccessorImpl.java:43)
at java.base/java.lang.reflect.Method.invoke(Method.java:568)
at org.testng.internal.MethodInvocationHelper.invokeMethod(MethodInvocationHelper.java:134)
at org.testng.internal.TestInvoker.invokeMethod(TestInvoker.java:597)
at org.testng.internal.TestInvoker.invokeTestMethod(TestInvoker.java:173)
at org.testng.internal.MethodRunner.runInSequence(MethodRunner.java:46)
at org.testng.internal.TestInvoker$MethodInvocationAgent.invoke(TestInvoker.java:816)
at org.testng.internal.TestInvoker.invokeTestMethods(TestInvoker.java:146)
at org.testng.internal.TestMethodWorker.invokeTestMethods(TestMethodWorker.java:146)
at org.testng.internal.TestMethodWorker.run(TestMethodWorker.java:128)
at java.base/java.util.ArrayList.forEach(ArrayList.java:1511)
at org.testng.TestRunner.privateRun(TestRunner.java:766)
at org.testng.TestRunner.run(TestRunner.java:587)
at org.testng.SuiteRunner.runTest(SuiteRunner.java:384)
at org.testng.SuiteRunner.runSequentially(SuiteRunner.java:378)
at org.testng.SuiteRunner.privateRun(SuiteRunner.java:337)
at org.testng.SuiteRunner.run(SuiteRunner.java:286)
at org.testng.SuiteRunnerWorker.runSuite(SuiteRunnerWorker.java:53)
at org.testng.SuiteRunnerWorker.run(SuiteRunnerWorker.java:96)
at org.testng.TestNG.runSuitesSequentially(TestNG.java:1187)
at org.testng.TestNG.runSuitesLocally(TestNG.java:1109)
at org.testng.TestNG.runSuites(TestNG.java:1039)
at org.testng.TestNG.run(TestNG.java:1007)
at org.testng.remote.AbstractRemoteTestNG.run(AbstractRemoteTestNG.java:115)
at org.testng.remote.RemoteTestNG.initAndRun(RemoteTestNG.java:251)
at org.testng.remote.RemoteTestNG.main(RemoteTestNG.java:77)
]]>
            </full-stacktrace>
          </exception> <!-- java.lang.AssertionError -->
          <reporter-output>
          </reporter-output>
        </test-method> <!-- pruebaInicialTestNG -->
        <test-method is-config="true" signature="afterClass()[pri:0, instance:com.testNG.EjemploTestNG@1ed1993a]" started-at="2022-03-01T12:41:08 COT" name="afterClass" finished-at="2022-03-01T12:41:08 COT" duration-ms="186" status="PASS">
          <reporter-output>
          </reporter-output>
        </test-method> <!-- afterClass -->
      </class> <!-- com.testNG.EjemploTestNG -->
    </test> <!-- Test -->
  </suite> <!-- Suite -->
</testng-results>
